Der Buildvorgang wurde am 26.02.2016 22:06:53 gestartet.
     1>Projekt "Z:\C++\Projekte\LittleGame\LittleGame\LittleGame.vcxproj" auf Knoten "2", Build Ziel(e).
     1>ClCompile:
         Z:\Programme\VisualStudio\VC\bin\CL.exe /c /IZ:\C++\Projekte\LittleGame\Dependencies\SFML2\include /Zi /nologo /W3 /WX- /Ox /Ob2 /Oi /Ot /Oy- /GL /D WIN32 /D NDEBUG /D _CONSOLE /D _UNICODE /D UNICODE /Gm- /EHsc /MD /GS /Gy /fp:precise /Zc:wchar_t /Zc:forScope /Zc:inline /Fo"Release\\" /Fd"Release\vc140.pdb" /Gd /TP /analyze- /errorReport:prompt src\world\collision\CollideHandler.cpp
         CollideHandler.cpp
     1>src\world\collision\CollideHandler.cpp(15): warning C4244: "Argument": Konvertierung von "float" in "int", möglicher Datenverlust
     1>src\world\collision\CollideHandler.cpp(23): warning C4244: "Argument": Konvertierung von "float" in "int", möglicher Datenverlust
       Link:
         Z:\Programme\VisualStudio\VC\bin\link.exe /ERRORREPORT:PROMPT /OUT:"Z:\C++\Projekte\LittleGame\Release\LittleGame.exe" /INCREMENTAL:NO /NOLOGO /LIBPATH:Z:\C++\Projekte\LittleGame\Dependencies\SFML2\lib "sfml-main.lib" "sfml-graphics.lib" "sfml-system.lib" "sfml-window.lib" freetype.lib kernel32.lib user32.lib gdi32.lib winspool.lib comdlg32.lib advapi32.lib shell32.lib ole32.lib oleaut32.lib uuid.lib odbc32.lib odbccp32.lib /MANIFEST /MANIFESTUAC:"level='asInvoker' uiAccess='false'" /manifest:embed /Debug /PDB:"Z:\C++\Projekte\LittleGame\Release\LittleGame.pdb" /SUBSYSTEM:CONSOLE /OPT:REF /OPT:ICF /LTCG:incremental /TLBID:1 /DYNAMICBASE /NXCOMPAT /IMPLIB:"Z:\C++\Projekte\LittleGame\Release\LittleGame.lib" /MACHINE:X86 /SAFESEH Release\Player.obj
         Release\Projectile.obj
         Release\ProjectileHandler.obj
         Release\GameScene.obj
         Release\Game.obj
         Release\main.obj
         Release\StartScene.obj
         Release\CollideHandler.obj
         Release\World.obj
     1>GameScene.obj : error LNK2001: Nicht aufgelöstes externes Symbol ""private: __thiscall CollideHandler::CollideHandler(void)" (??0CollideHandler@@AAE@XZ)".
     1>Z:\C++\Projekte\LittleGame\Release\LittleGame.exe : fatal error LNK1120: 1 nicht aufgelöste Externe
     1>Die Erstellung des Projekts "Z:\C++\Projekte\LittleGame\LittleGame\LittleGame.vcxproj" ist abgeschlossen, Build Ziel(e) -- FEHLER.

Fehler beim Buildvorgang.

Verstrichene Zeit 00:00:01.04
